{"total": {"lines":{"total":863,"covered":680,"skipped":0,"pct":78.79},"statements":{"total":1028,"covered":810,"skipped":0,"pct":78.79},"functions":{"total":176,"covered":140,"skipped":0,"pct":79.55},"branches":{"total":291,"covered":152,"skipped":0,"pct":52.23}}
,"/Users/oniani/git/luthernavigator/src/config.ts": {"lines":{"total":1,"covered":1,"skipped":0,"pct":100},"functions":{"total":0,"covered":0,"skipped":0,"pct":100},"statements":{"total":1,"covered":1,"skipped":0,"pct":100},"branches":{"total":0,"covered":0,"skipped":0,"pct":100}}
,"/Users/oniani/git/luthernavigator/src/db.ts": {"lines":{"total":104,"covered":56,"skipped":0,"pct":53.85},"functions":{"total":32,"covered":23,"skipped":0,"pct":71.88},"statements":{"total":119,"covered":62,"skipped":0,"pct":52.1},"branches":{"total":52,"covered":15,"skipped":0,"pct":28.85}}
,"/Users/oniani/git/luthernavigator/src/dbinit.ts": {"lines":{"total":49,"covered":9,"skipped":0,"pct":18.37},"functions":{"total":9,"covered":1,"skipped":0,"pct":11.11},"statements":{"total":55,"covered":10,"skipped":0,"pct":18.18},"branches":{"total":19,"covered":1,"skipped":0,"pct":5.26}}
,"/Users/oniani/git/luthernavigator/src/emailer.ts": {"lines":{"total":28,"covered":7,"skipped":0,"pct":25},"functions":{"total":5,"covered":0,"skipped":0,"pct":0},"statements":{"total":31,"covered":7,"skipped":0,"pct":22.58},"branches":{"total":7,"covered":0,"skipped":0,"pct":0}}
,"/Users/oniani/git/luthernavigator/src/services.ts": {"lines":{"total":32,"covered":32,"skipped":0,"pct":100},"functions":{"total":4,"covered":4,"skipped":0,"pct":100},"statements":{"total":34,"covered":34,"skipped":0,"pct":100},"branches":{"total":5,"covered":5,"skipped":0,"pct":100}}
,"/Users/oniani/git/luthernavigator/src/services/admin.ts": {"lines":{"total":7,"covered":4,"skipped":0,"pct":57.14},"functions":{"total":2,"covered":1,"skipped":0,"pct":50},"statements":{"total":10,"covered":6,"skipped":0,"pct":60},"branches":{"total":0,"covered":0,"skipped":0,"pct":100}}
,"/Users/oniani/git/luthernavigator/src/services/image.ts": {"lines":{"total":23,"covered":23,"skipped":0,"pct":100},"functions":{"total":5,"covered":5,"skipped":0,"pct":100},"statements":{"total":28,"covered":28,"skipped":0,"pct":100},"branches":{"total":1,"covered":1,"skipped":0,"pct":100}}
,"/Users/oniani/git/luthernavigator/src/services/locationType.ts": {"lines":{"total":17,"covered":17,"skipped":0,"pct":100},"functions":{"total":4,"covered":4,"skipped":0,"pct":100},"statements":{"total":22,"covered":22,"skipped":0,"pct":100},"branches":{"total":4,"covered":4,"skipped":0,"pct":100}}
,"/Users/oniani/git/luthernavigator/src/services/meta.ts": {"lines":{"total":30,"covered":30,"skipped":0,"pct":100},"functions":{"total":6,"covered":6,"skipped":0,"pct":100},"statements":{"total":36,"covered":36,"skipped":0,"pct":100},"branches":{"total":7,"covered":6,"skipped":0,"pct":85.71}}
,"/Users/oniani/git/luthernavigator/src/services/passwordReset.ts": {"lines":{"total":48,"covered":46,"skipped":0,"pct":95.83},"functions":{"total":6,"covered":6,"skipped":0,"pct":100},"statements":{"total":59,"covered":57,"skipped":0,"pct":96.61},"branches":{"total":16,"covered":13,"skipped":0,"pct":81.25}}
,"/Users/oniani/git/luthernavigator/src/services/post.ts": {"lines":{"total":93,"covered":93,"skipped":0,"pct":100},"functions":{"total":18,"covered":18,"skipped":0,"pct":100},"statements":{"total":115,"covered":115,"skipped":0,"pct":100},"branches":{"total":31,"covered":25,"skipped":0,"pct":80.65}}
,"/Users/oniani/git/luthernavigator/src/services/postImage.ts": {"lines":{"total":38,"covered":38,"skipped":0,"pct":100},"functions":{"total":8,"covered":8,"skipped":0,"pct":100},"statements":{"total":48,"covered":48,"skipped":0,"pct":100},"branches":{"total":4,"covered":4,"skipped":0,"pct":100}}
,"/Users/oniani/git/luthernavigator/src/services/rating.ts": {"lines":{"total":25,"covered":25,"skipped":0,"pct":100},"functions":{"total":5,"covered":5,"skipped":0,"pct":100},"statements":{"total":30,"covered":30,"skipped":0,"pct":100},"branches":{"total":1,"covered":1,"skipped":0,"pct":100}}
,"/Users/oniani/git/luthernavigator/src/services/session.ts": {"lines":{"total":54,"covered":52,"skipped":0,"pct":96.3},"functions":{"total":10,"covered":10,"skipped":0,"pct":100},"statements":{"total":63,"covered":61,"skipped":0,"pct":96.83},"branches":{"total":14,"covered":9,"skipped":0,"pct":64.29}}
,"/Users/oniani/git/luthernavigator/src/services/user.ts": {"lines":{"total":124,"covered":124,"skipped":0,"pct":100},"functions":{"total":21,"covered":21,"skipped":0,"pct":100},"statements":{"total":147,"covered":147,"skipped":0,"pct":100},"branches":{"total":47,"covered":39,"skipped":0,"pct":82.98}}
,"/Users/oniani/git/luthernavigator/src/services/userStatus.ts": {"lines":{"total":17,"covered":17,"skipped":0,"pct":100},"functions":{"total":4,"covered":4,"skipped":0,"pct":100},"statements":{"total":22,"covered":22,"skipped":0,"pct":100},"branches":{"total":4,"covered":4,"skipped":0,"pct":100}}
,"/Users/oniani/git/luthernavigator/src/services/util.ts": {"lines":{"total":108,"covered":50,"skipped":0,"pct":46.3},"functions":{"total":26,"covered":14,"skipped":0,"pct":53.85},"statements":{"total":132,"covered":59,"skipped":0,"pct":44.7},"branches":{"total":56,"covered":14,"skipped":0,"pct":25}}
,"/Users/oniani/git/luthernavigator/src/services/verify.ts": {"lines":{"total":51,"covered":42,"skipped":0,"pct":82.35},"functions":{"total":7,"covered":6,"skipped":0,"pct":85.71},"statements":{"total":62,"covered":51,"skipped":0,"pct":82.26},"branches":{"total":22,"covered":10,"skipped":0,"pct":45.45}}
,"/Users/oniani/git/luthernavigator/test/services/util.ts": {"lines":{"total":14,"covered":14,"skipped":0,"pct":100},"functions":{"total":4,"covered":4,"skipped":0,"pct":100},"statements":{"total":14,"covered":14,"skipped":0,"pct":100},"branches":{"total":1,"covered":1,"skipped":0,"pct":100}}
}
