{"total": {"lines":{"total":704,"covered":582,"skipped":0,"pct":82.67},"statements":{"total":826,"covered":679,"skipped":0,"pct":82.2},"functions":{"total":141,"covered":112,"skipped":0,"pct":79.43},"branches":{"total":254,"covered":155,"skipped":0,"pct":61.02}}
,"D:\\Programming\\Projects\\LutherNavigator\\src\\config.ts": {"lines":{"total":1,"covered":1,"skipped":0,"pct":100},"functions":{"total":0,"covered":0,"skipped":0,"pct":100},"statements":{"total":1,"covered":1,"skipped":0,"pct":100},"branches":{"total":0,"covered":0,"skipped":0,"pct":100}}
,"D:\\Programming\\Projects\\LutherNavigator\\src\\db.ts": {"lines":{"total":41,"covered":11,"skipped":0,"pct":26.83},"functions":{"total":16,"covered":5,"skipped":0,"pct":31.25},"statements":{"total":48,"covered":13,"skipped":0,"pct":27.08},"branches":{"total":18,"covered":3,"skipped":0,"pct":16.67}}
,"D:\\Programming\\Projects\\LutherNavigator\\src\\emailer.ts": {"lines":{"total":28,"covered":7,"skipped":0,"pct":25},"functions":{"total":5,"covered":0,"skipped":0,"pct":0},"statements":{"total":31,"covered":7,"skipped":0,"pct":22.58},"branches":{"total":7,"covered":0,"skipped":0,"pct":0}}
,"D:\\Programming\\Projects\\LutherNavigator\\src\\services\\image.ts": {"lines":{"total":22,"covered":22,"skipped":0,"pct":100},"functions":{"total":5,"covered":5,"skipped":0,"pct":100},"statements":{"total":25,"covered":25,"skipped":0,"pct":100},"branches":{"total":3,"covered":3,"skipped":0,"pct":100}}
,"D:\\Programming\\Projects\\LutherNavigator\\src\\services\\locationType.ts": {"lines":{"total":16,"covered":16,"skipped":0,"pct":100},"functions":{"total":4,"covered":4,"skipped":0,"pct":100},"statements":{"total":19,"covered":19,"skipped":0,"pct":100},"branches":{"total":6,"covered":6,"skipped":0,"pct":100}}
,"D:\\Programming\\Projects\\LutherNavigator\\src\\services\\meta.ts": {"lines":{"total":29,"covered":29,"skipped":0,"pct":100},"functions":{"total":6,"covered":6,"skipped":0,"pct":100},"statements":{"total":33,"covered":33,"skipped":0,"pct":100},"branches":{"total":9,"covered":8,"skipped":0,"pct":88.89}}
,"D:\\Programming\\Projects\\LutherNavigator\\src\\services\\passwordReset.ts": {"lines":{"total":48,"covered":46,"skipped":0,"pct":95.83},"functions":{"total":6,"covered":6,"skipped":0,"pct":100},"statements":{"total":57,"covered":55,"skipped":0,"pct":96.49},"branches":{"total":18,"covered":15,"skipped":0,"pct":83.33}}
,"D:\\Programming\\Projects\\LutherNavigator\\src\\services\\post.ts": {"lines":{"total":95,"covered":95,"skipped":0,"pct":100},"functions":{"total":18,"covered":18,"skipped":0,"pct":100},"statements":{"total":115,"covered":115,"skipped":0,"pct":100},"branches":{"total":33,"covered":27,"skipped":0,"pct":81.82}}
,"D:\\Programming\\Projects\\LutherNavigator\\src\\services\\postImage.ts": {"lines":{"total":38,"covered":38,"skipped":0,"pct":100},"functions":{"total":8,"covered":8,"skipped":0,"pct":100},"statements":{"total":46,"covered":46,"skipped":0,"pct":100},"branches":{"total":6,"covered":6,"skipped":0,"pct":100}}
,"D:\\Programming\\Projects\\LutherNavigator\\src\\services\\rating.ts": {"lines":{"total":24,"covered":24,"skipped":0,"pct":100},"functions":{"total":5,"covered":5,"skipped":0,"pct":100},"statements":{"total":27,"covered":27,"skipped":0,"pct":100},"branches":{"total":3,"covered":3,"skipped":0,"pct":100}}
,"D:\\Programming\\Projects\\LutherNavigator\\src\\services\\session.ts": {"lines":{"total":53,"covered":51,"skipped":0,"pct":96.23},"functions":{"total":10,"covered":10,"skipped":0,"pct":100},"statements":{"total":60,"covered":58,"skipped":0,"pct":96.67},"branches":{"total":16,"covered":11,"skipped":0,"pct":68.75}}
,"D:\\Programming\\Projects\\LutherNavigator\\src\\services\\user.ts": {"lines":{"total":128,"covered":128,"skipped":0,"pct":100},"functions":{"total":21,"covered":21,"skipped":0,"pct":100},"statements":{"total":148,"covered":148,"skipped":0,"pct":100},"branches":{"total":49,"covered":41,"skipped":0,"pct":83.67}}
,"D:\\Programming\\Projects\\LutherNavigator\\src\\services\\userStatus.ts": {"lines":{"total":16,"covered":16,"skipped":0,"pct":100},"functions":{"total":4,"covered":4,"skipped":0,"pct":100},"statements":{"total":19,"covered":19,"skipped":0,"pct":100},"branches":{"total":6,"covered":6,"skipped":0,"pct":100}}
,"D:\\Programming\\Projects\\LutherNavigator\\src\\services\\util.ts": {"lines":{"total":111,"covered":53,"skipped":0,"pct":47.75},"functions":{"total":24,"covered":12,"skipped":0,"pct":50},"statements":{"total":134,"covered":61,"skipped":0,"pct":45.52},"branches":{"total":56,"covered":14,"skipped":0,"pct":25}}
,"D:\\Programming\\Projects\\LutherNavigator\\src\\services\\verify.ts": {"lines":{"total":51,"covered":42,"skipped":0,"pct":82.35},"functions":{"total":7,"covered":6,"skipped":0,"pct":85.71},"statements":{"total":60,"covered":49,"skipped":0,"pct":81.67},"branches":{"total":24,"covered":12,"skipped":0,"pct":50}}
,"D:\\Programming\\Projects\\LutherNavigator\\test\\services\\main.ts": {"lines":{"total":3,"covered":3,"skipped":0,"pct":100},"functions":{"total":2,"covered":2,"skipped":0,"pct":100},"statements":{"total":3,"covered":3,"skipped":0,"pct":100},"branches":{"total":0,"covered":0,"skipped":0,"pct":100}}
}
